<?xml version="1.0" encoding="UTF-8"?>
<testsuite name="ase.money.MoneyTest" tests="9" skipped="0" failures="0" errors="0" timestamp="2020-10-19T19:13:15" hostname="feng-linux-03.leeds.ac.uk" time="0.039">
  <properties/>
  <testcase name="basicHash()" classname="ase.money.MoneyTest" time="0.019"/>
  <testcase name="stringConversion()" classname="ase.money.MoneyTest" time="0.006"/>
  <testcase name="centsTooHigh()" classname="ase.money.MoneyTest" time="0.005"/>
  <testcase name="equalsFalse()" classname="ase.money.MoneyTest" time="0.002"/>
  <testcase name="eurosTooLow()" classname="ase.money.MoneyTest" time="0.002"/>
  <testcase name="hashPlus()" classname="ase.money.MoneyTest" time="0.0"/>
  <testcase name="centsTooLow()" classname="ase.money.MoneyTest" time="0.001"/>
  <testcase name="equalsTrue()" classname="ase.money.MoneyTest" time="0.001"/>
  <testcase name="creation()" classname="ase.money.MoneyTest" time="0.0"/>
  <system-out><![CDATA[]]></system-out>
  <system-err><![CDATA[]]></system-err>
</testsuite>
