<?xml version="1.0" encoding="UTF-8"?>
<testsuite name="ase.rental.CustomerTest" tests="6" skipped="0" failures="0" errors="0" timestamp="2020-10-24T19:28:27" hostname="feng-linux-02.leeds.ac.uk" time="0.011">
  <properties/>
  <testcase name="addLuxuryRental()" classname="ase.rental.CustomerTest" time="0.003"/>
  <testcase name="addRental()" classname="ase.rental.CustomerTest" time="0.001"/>
  <testcase name="addLongNewModelRental()" classname="ase.rental.CustomerTest" time="0.001"/>
  <testcase name="addShortNewModelRental()" classname="ase.rental.CustomerTest" time="0.001"/>
  <testcase name="addTwoRentals()" classname="ase.rental.CustomerTest" time="0.001"/>
  <testcase name="creation()" classname="ase.rental.CustomerTest" time="0.001"/>
  <system-out><![CDATA[]]></system-out>
  <system-err><![CDATA[]]></system-err>
</testsuite>
