<?xml version="1.0" encoding="UTF-8"?>
<testsuite name="ase.rental.RentalTest" tests="1" skipped="0" failures="0" errors="0" timestamp="2020-10-24T19:28:27" hostname="feng-linux-02.leeds.ac.uk" time="0.002">
  <properties/>
  <testcase name="creation()" classname="ase.rental.RentalTest" time="0.002"/>
  <system-out><![CDATA[]]></system-out>
  <system-err><![CDATA[]]></system-err>
</testsuite>
