<?xml version="1.0" encoding="UTF-8"?>
<testsuite name="ase.rental.CarTest" tests="2" skipped="0" failures="0" errors="0" timestamp="2020-10-24T19:28:27" hostname="feng-linux-02.leeds.ac.uk" time="0.031">
  <properties/>
  <testcase name="creation()" classname="ase.rental.CarTest" time="0.029"/>
  <testcase name="changePriceCode()" classname="ase.rental.CarTest" time="0.001"/>
  <system-out><![CDATA[]]></system-out>
  <system-err><![CDATA[]]></system-err>
</testsuite>
